<?xml version="1.0" encoding="UTF-8"?>
<!-- Generated by org.testng.reporters.JUnitXMLReporter -->
<testsuite ignored="0" hostname="DESKTOP-E27VPVB" failures="0" tests="2" name="Test" time="52.762" errors="0" timestamp="2024-05-22T08:30:13 IST">
  <testcase classname="com.eva.AutomationPractice.ScrollupDownTestScript" name="ScrollupDown" time="0.526"/>
  <testcase classname="com.eva.AutomationPractice.ScrollupDownTestScript" name="ScrollupDownwithoutarrow" time="0.662"/>
</testsuite> <!-- Test -->
